\BOOKMARK [0][-]{dummy.1}{\376\377\000D\000e\000c\000l\000a\000r\000a\000t\000i\000o\000n\000\040\000o\000f\000\040\000A\000u\000t\000h\000o\000r\000s\000h\000i\000p}{}% 1
\BOOKMARK [0][-]{dummy.2}{\376\377\000A\000b\000s\000t\000r\000a\000c\000t}{}% 2
\BOOKMARK [0][-]{dummy.3}{\376\377\000A\000c\000k\000n\000o\000w\000l\000e\000d\000g\000e\000m\000e\000n\000t\000s}{}% 3
\BOOKMARK [0][-]{dummy.5}{\376\377\000L\000i\000s\000t\000\040\000o\000f\000\040\000F\000i\000g\000u\000r\000e\000s}{}% 4
\BOOKMARK [0][-]{dummy.7}{\376\377\000L\000i\000s\000t\000\040\000o\000f\000\040\000T\000a\000b\000l\000e\000s}{}% 5
\BOOKMARK [0][-]{dummy.9}{\376\377\000A\000b\000b\000r\000e\000v\000i\000a\000t\000i\000o\000n\000s}{}% 6
\BOOKMARK [0][-]{dummy.12}{\376\377\000P\000h\000y\000s\000i\000c\000a\000l\000\040\000C\000o\000n\000s\000t\000a\000n\000t\000s}{}% 7
\BOOKMARK [0][-]{dummy.15}{\376\377\000S\000y\000m\000b\000o\000l\000s}{}% 8
\BOOKMARK [0][-]{chapter.18}{\376\377\0001\000\040\000A\000n\000\040\000i\000n\000t\000r\000o\000d\000u\000c\000t\000i\000o\000n\000\040\000t\000o\000\040\000b\000i\000o\000d\000i\000e\000s\000e\000l}{}% 9
\BOOKMARK [1][-]{section.19}{\376\377\0001\000.\0001\000\040\000R\000e\000s\000o\000u\000r\000c\000e\000s}{chapter.18}% 10
\BOOKMARK [1][-]{section.20}{\376\377\0001\000.\0002\000\040\000I\000n\000t\000r\000o\000d\000u\000c\000t\000i\000o\000n\000\040\000t\000o\000\040\000B\000i\000o\000d\000i\000e\000s\000e\000l}{chapter.18}% 11
\BOOKMARK [1][-]{section.22}{\376\377\0001\000.\0003\000\040\000B\000i\000o\000d\000i\000e\000s\000e\000l\000\040\000p\000r\000o\000d\000u\000c\000t\000i\000o\000n}{chapter.18}% 12
\BOOKMARK [1][-]{section.23}{\376\377\0001\000.\0004\000\040\000T\000h\000e\000\040\000c\000h\000e\000m\000i\000c\000a\000l\000\040\000a\000n\000a\000l\000y\000s\000i\000s\000\040\000o\000f\000\040\000b\000i\000o\000d\000i\000e\000s\000e\000l\000\040\000a\000n\000d\000\040\000S\000A\000N\000S\000\040\0001\0009\0003\0005}{chapter.18}% 13
\BOOKMARK [2][-]{subsection.24}{\376\377\0001\000.\0004\000.\0001\000\040\0001\000\040\000S\000c\000o\000p\000e}{section.23}% 14
\BOOKMARK [2][-]{subsection.25}{\376\377\0001\000.\0004\000.\0002\000\040\0002\000\040\000N\000o\000r\000m\000a\000t\000i\000v\000e\000\040\000r\000e\000f\000e\000r\000e\000n\000c\000e\000s}{section.23}% 15
\BOOKMARK [2][-]{subsection.26}{\376\377\0001\000.\0004\000.\0003\000\040\0003\000\040\000D\000e\000f\000i\000n\000i\000t\000i\000o\000n\000s}{section.23}% 16
\BOOKMARK [2][-]{subsection.27}{\376\377\0001\000.\0004\000.\0004\000\040\0004\000.\0001\000.\0001\000\040\000T\000h\000e\000\040\000a\000u\000t\000o\000m\000o\000t\000i\000v\000e\000\040\000b\000i\000o\000d\000i\000e\000s\000e\000l\000\040\000f\000u\000e\000l\000\040\000s\000h\000a\000l\000l\000\040\000c\000o\000n\000t\000a\000i\000n\000,\000\040\000p\000r\000i\000n\000c\000i\000p\000a\000l\000l\000y\000,\000\040\000m\000o\000n\000o\000-\000a\000l\000k\000y\000l\000\040\000m\000e\000t\000h\000y\000l\000\040\000e\000s\000t\000e\000r\000s\000\040\000o\000f\000\040\000l\000o\000n\000g\000\040\000c\000h\000a\000i\000n\000\040\000f\000a\000t\000t\000y\000\040\000a\000c\000i\000d\000s\000\040\000d\000e\000r\000i\000v\000e\000d\000\040\000f\000r\000o\000m\000\040\000v\000e\000g\000e\000t\000a\000b\000l\000e\000\040\000o\000i\000l\000.}{section.23}% 17
\BOOKMARK [2][-]{subsection.28}{\376\377\0001\000.\0004\000.\0005\000\040\0004\000.\0001\000.\0002\000\040\000S\000u\000i\000t\000a\000b\000l\000e\000\040\000f\000u\000e\000l\000\040\000a\000d\000d\000i\000t\000i\000v\000e\000s\000\040\000w\000i\000t\000h\000o\000u\000t\000\040\000k\000n\000o\000w\000n\000\040\000s\000i\000d\000e\000\040\000e\000f\000f\000e\000c\000t\000s\000\040\000m\000a\000y\000\040\000b\000e\000\040\000u\000s\000e\000d\000\040\000t\000o\000\040\000h\000e\000l\000p\000\040\000a\000v\000o\000i\000d\000\040\000d\000e\000t\000e\000r\000i\000o\000r\000a\000t\000i\000o\000n\000\040\000o\000f\000\040\000d\000r\000i\000v\000e\000a\000b\000i\000l\000i\000t\000y\000\040\000a\000n\000d\000\040\000e\000m\000i\000s\000s\000i\000o\000n\000s\000\040\000c\000o\000n\000t\000r\000o\000l\000\040\000d\000u\000r\000a\000b\000i\000l\000i\000t\000y\000.\000\040\000O\000t\000h\000e\000r\000\040\000t\000e\000c\000h\000n\000i\000c\000a\000l\000\040\000m\000e\000a\000n\000s\000\040\000t\000h\000a\000t\000\040\000e\000x\000h\000i\000b\000i\000t\000\040\000a\000n\000\040\000e\000f\000f\000e\000c\000t\000\040\000e\000q\000u\000i\000v\000a\000l\000e\000n\000t\000\040\000t\000o\000\040\000t\000h\000a\000t\000\040\000o\000f\000\040\000a\000d\000d\000i\000t\000i\000v\000e\000s\000\040\000c\000a\000n\000\040\000a\000l\000s\000o\000\040\000b\000e\000\040\000u\000s\000e\000d\000.}{section.23}% 18
\BOOKMARK [2][-]{subsection.29}{\376\377\0001\000.\0004\000.\0006\000\040\0004\000.\0001\000.\0003\000\040\000T\000h\000e\000\040\000f\000u\000e\000l\000\040\000m\000a\000y\000\040\000c\000o\000n\000t\000a\000i\000n\000\040\000s\000m\000a\000l\000l\000\040\000q\000u\000a\000n\000t\000i\000t\000i\000e\000s\000\040\000o\000f\000\040\000c\000o\000l\000o\000u\000r\000i\000n\000g\000\040\000m\000a\000t\000e\000r\000i\000a\000l\000s\000\040\000w\000h\000i\000c\000h\000\040\000a\000r\000e\000\040\000d\000o\000c\000u\000m\000e\000n\000t\000e\000d\000\040\000a\000s\000\040\000h\000a\000r\000m\000l\000e\000s\000s\000\040\000t\000o\000\040\000g\000i\000v\000e\000\040\000i\000t\000\040\000a\000\040\000d\000i\000s\000t\000i\000n\000c\000t\000i\000v\000e\000\040\000c\000o\000l\000o\000u\000r\000.}{section.23}% 19
\BOOKMARK [2][-]{subsection.30}{\376\377\0001\000.\0004\000.\0007\000\040\0004\000.\0001\000.\0004\000\040\000T\000h\000e\000\040\000f\000u\000e\000l\000\040\000s\000h\000a\000l\000l\000\040\000b\000e\000\040\000c\000l\000e\000a\000r\000\040\000a\000n\000d\000\040\000f\000r\000e\000e\000\040\000o\000f\000\040\000v\000i\000s\000i\000b\000l\000e\000\040\000w\000a\000t\000e\000r\000,\000\040\000s\000e\000d\000i\000m\000e\000n\000t\000,\000\040\000s\000u\000s\000p\000e\000n\000d\000e\000d\000\040\000m\000a\000t\000t\000e\000r\000\040\000a\000n\000d\000\040\000a\000n\000y\000\040\000o\000t\000h\000e\000r\000\040\000c\000o\000n\000t\000a\000m\000i\000n\000a\000n\000t\000\040\000t\000h\000a\000t\000\040\000i\000s\000\040\000d\000o\000c\000u\000m\000e\000n\000t\000e\000d\000\040\000a\000s\000\040\000l\000i\000k\000e\000l\000y\000\040\000t\000o\000\040\000c\000a\000u\000s\000e\000\040\000m\000a\000l\000f\000u\000n\000c\000t\000i\000o\000n\000i\000n\000g\000\040\000o\000f\000\040\000e\000q\000u\000i\000p\000m\000e\000n\000t\000\040\000d\000e\000s\000i\000g\000n\000e\000d\000\040\000t\000o\000\040\000u\000s\000e\000\040\000t\000h\000i\000s\000\040\000t\000y\000p\000e\000\040\000o\000f\000\040\000f\000u\000e\000l\000,\000\040\000e\000i\000t\000h\000e\000r\000\040\000a\000s\000\040\000a\000\040\000b\000l\000e\000n\000d\000\040\000o\000r\000\040\000i\000n\000\040\000i\000t\000s\000\040\0001\0000\0000\000\040\000\045\000\040\000c\000o\000n\000c\000e\000n\000t\000r\000a\000t\000i\000o\000n\000\040\000f\000o\000r\000m\000.}{section.23}% 20
\BOOKMARK [2][-]{subsection.31}{\376\377\0001\000.\0004\000.\0008\000\040\0004\000.\0002\000\040\000P\000h\000y\000s\000i\000c\000a\000l\000\040\000a\000n\000d\000\040\000c\000h\000e\000m\000i\000c\000a\000l\000\040\000p\000r\000o\000p\000e\000r\000t\000i\000e\000s\000\040\000T\000h\000e\000\040\000f\000u\000e\000l\000\040\000s\000h\000a\000l\000l\000\040\000c\000o\000m\000p\000l\000y\000\040\000w\000i\000t\000h\000\040\000a\000l\000l\000\040\000t\000h\000e\000\040\000r\000e\000q\000u\000i\000r\000e\000m\000e\000n\000t\000s\000\040\000g\000i\000v\000e\000n\000\040\000i\000n\000\040\000t\000a\000b\000l\000e\000\040\0001\000.\000\040\000N\000O\000T\000E\000\040\0001\000\040\000I\000n\000\040\000c\000a\000s\000e\000\040\000o\000f\000\040\000a\000\040\000n\000e\000e\000d\000\040\000f\000o\000r\000\040\000i\000d\000e\000n\000t\000i\000f\000i\000c\000a\000t\000i\000o\000n\000\040\000o\000f\000\040\000b\000i\000o\000d\000i\000e\000s\000e\000l\000,\000\040\000i\000t\000\040\000i\000s\000\040\000r\000e\000c\000o\000m\000m\000e\000n\000d\000e\000d\000\040\000t\000h\000a\000t\000\040\000a\000\040\000m\000e\000t\000h\000o\000d\000\040\000b\000a\000s\000e\000d\000\040\000o\000n\000\040\000t\000h\000e\000\040\000c\000h\000a\000r\000a\000c\000t\000e\000r\000i\000z\000a\000t\000i\000o\000n\000\040\000o\000f\000\040\000f\000a\000t\000t\000y\000\040\000a\000c\000i\000d\000\040\000m\000e\000t\000h\000y\000l\000\040\000e\000s\000t\000e\000r\000s\000\040\000b\000y\000\040\000L\000G\000/\000G\000C\000,\000\040\000i\000n\000\040\000a\000c\000c\000o\000r\000d\000a\000n\000c\000e\000\040\000w\000i\000t\000h\000\040\000E\000N\000\040\0001\0004\0003\0003\0001\000,\000\040\000b\000e\000\040\000u\000s\000e\000d\000.\000\040\000N\000O\000T\000E\000\040\0002\000\040\000I\000n\000\040\000c\000a\000s\000e\000\040\000o\000f\000\040\000a\000\040\000n\000e\000e\000d\000\040\000t\000o\000\040\000i\000d\000e\000n\000t\000i\000f\000y\000\040\000t\000h\000e\000\040\000s\000o\000u\000r\000c\000e\000\040\000o\000i\000l\000\040\000o\000f\000\040\000b\000i\000o\000d\000i\000e\000s\000e\000l\000,\000\040\000t\000h\000e\000\040\000i\000o\000d\000i\000n\000e\000\040\000v\000a\000l\000u\000e\000\040\000o\000f\000\040\000t\000h\000e\000\040\000b\000i\000o\000d\000i\000e\000s\000e\000l\000\040\000c\000a\000n\000\040\000b\000e\000\040\000c\000a\000l\000c\000u\000l\000a\000t\000e\000d\000\040\000b\000y\000\040\000t\000h\000e\000\040\000m\000e\000t\000h\000o\000d\000\040\000p\000r\000e\000s\000e\000n\000t\000e\000d\000\040\000i\000n\000\040\000a\000n\000n\000e\000x\000\040\000B\000.}{section.23}% 21
\BOOKMARK [2][-]{subsection.32}{\376\377\0001\000.\0004\000.\0009\000\040\0005\000.\0001\000\040\000F\000o\000r\000\040\000a\000l\000l\000\040\000t\000e\000s\000t\000s\000,\000\040\000u\000s\000e\000\040\000s\000a\000m\000p\000l\000e\000s\000\040\000t\000a\000k\000e\000n\000\040\000i\000n\000\040\000a\000c\000c\000o\000r\000d\000a\000n\000c\000e\000\040\000w\000i\000t\000h\000\040\000a\000n\000n\000e\000x\000\040\000D\000.}{section.23}% 22
\BOOKMARK [2][-]{subsection.33}{\376\377\0001\000.\0004\000.\0001\0000\000\040\0005\000.\0002\000\040\000F\000o\000r\000\040\000a\000l\000l\000\040\000p\000r\000o\000p\000e\000r\000t\000i\000e\000s\000,\000\040\000u\000s\000e\000\040\000t\000h\000e\000\040\000a\000p\000p\000l\000i\000c\000a\000b\000l\000e\000\040\000t\000e\000s\000t\000\040\000m\000e\000t\000h\000o\000d\000\040\000o\000r\000,\000\040\000w\000h\000e\000n\000\040\000r\000e\000l\000e\000v\000a\000n\000t\000,\000\040\000o\000n\000e\000\040\000o\000f\000\040\000t\000h\000e\000\040\000a\000p\000p\000l\000i\000c\000a\000b\000l\000e\000\040\000t\000e\000s\000t\000\040\000m\000e\000t\000h\000o\000d\000s\000\040\000l\000i\000s\000t\000e\000d\000\040\000i\000n\000\040\000c\000o\000l\000u\000m\000n\000\040\0003\000\040\000o\000f\000\040\000t\000a\000b\000l\000e\000\040\0001}{section.23}% 23
\BOOKMARK [2][-]{subsection.34}{\376\377\0001\000.\0004\000.\0001\0001\000\040\0005\000.\0003\000\040\000T\000h\000e\000\040\000l\000i\000m\000i\000t\000i\000n\000g\000\040\000v\000a\000l\000u\000e\000\040\000f\000o\000r\000\040\000t\000h\000e\000\040\000c\000a\000r\000b\000o\000n\000\040\000r\000e\000s\000i\000d\000u\000e\000\040\000g\000i\000v\000e\000n\000\040\000i\000n\000\040\000t\000a\000b\000l\000e\000\040\0001\000\040\000i\000s\000\040\000b\000a\000s\000e\000d\000\040\000o\000n\000\040\000p\000r\000o\000d\000u\000c\000t\000\040\000p\000r\000i\000o\000r\000\040\000t\000o\000\040\000t\000h\000e\000\040\000a\000d\000d\000i\000t\000i\000o\000n\000\040\000o\000f\000\040\000i\000g\000n\000i\000t\000i\000o\000n\000\040\000i\000m\000p\000r\000o\000v\000e\000r\000,\000\040\000i\000f\000\040\000u\000s\000e\000d\000.\000\040\000I\000f\000\040\000a\000\040\000v\000a\000l\000u\000e\000\040\000e\000x\000c\000e\000e\000d\000i\000n\000g\000\040\000t\000h\000e\000\040\000l\000i\000m\000i\000t\000\040\000i\000s\000\040\000o\000b\000t\000a\000i\000n\000e\000d\000\040\000o\000n\000\040\000f\000i\000n\000i\000s\000h\000e\000d\000\040\000f\000u\000e\000l\000\040\000i\000n\000\040\000t\000h\000e\000\040\000m\000a\000r\000k\000e\000t\000,\000\040\000u\000s\000e\000\040\000I\000S\000O\000\040\0001\0003\0007\0005\0009\000\040\000t\000o\000\040\000d\000e\000t\000e\000r\000m\000i\000n\000e\000\040\000t\000h\000e\000\040\000p\000r\000e\000s\000e\000n\000c\000e\000\040\000o\000f\000\040\000a\000\040\000n\000i\000t\000r\000a\000t\000e\000-\000c\000o\000n\000t\000a\000i\000n\000i\000n\000g\000\040\000c\000o\000m\000p\000o\000u\000n\000d\000.\000\040\000I\000f\000\040\000a\000n\000\040\000i\000g\000n\000i\000t\000i\000o\000n\000\040\000i\000m\000p\000r\000o\000v\000e\000r\000\040\000i\000s\000\040\000t\000h\000u\000s\000\040\000p\000r\000o\000v\000e\000d\000\040\000p\000r\000e\000s\000e\000n\000t\000,\000\040\000t\000h\000e\000\040\000l\000i\000m\000i\000t\000\040\000v\000a\000l\000u\000e\000\040\000f\000o\000r\000\040\000t\000h\000e\000\040\000c\000a\000r\000b\000o\000n\000\040\000r\000e\000s\000i\000d\000u\000e\000\040\000o\000f\000\040\000t\000h\000e\000\040\000p\000r\000o\000d\000u\000c\000t\000\040\000u\000n\000d\000e\000r\000\040\000t\000e\000s\000t\000\040\000c\000a\000n\000n\000o\000t\000\040\000b\000e\000\040\000a\000p\000p\000l\000i\000e\000d\000.\000\040\000T\000h\000e\000\040\000u\000s\000e\000\040\000o\000f\000\040\000a\000d\000d\000i\000t\000i\000v\000e\000s\000\040\000d\000o\000e\000s\000\040\000n\000o\000t\000\040\000e\000x\000e\000m\000p\000t\000\040\000t\000h\000e\000\040\000m\000a\000n\000u\000f\000a\000c\000t\000u\000r\000e\000r\000\040\000f\000r\000o\000m\000\040\000m\000e\000e\000t\000i\000n\000g\000\040\000t\000h\000e\000\040\000r\000e\000q\000u\000i\000r\000e\000m\000e\000n\000t\000\040\000o\000f\000\040\000m\000a\000x\000i\000m\000u\000m\000\040\0000\000.\0003\0000\000\040\000\045\000\040\000m\000a\000s\000s\000\040\000f\000r\000a\000c\000t\000i\000o\000n\000\040\000o\000f\000\040\000c\000a\000r\000b\000o\000n\000\040\000r\000e\000s\000i\000d\000u\000e\000\040\000p\000r\000i\000o\000r\000\040\000t\000o\000\040\000t\000h\000e\000\040\000a\000d\000d\000i\000t\000i\000o\000n\000\040\000o\000f\000\040\000a\000d\000d\000i\000t\000i\000v\000e\000s\000.}{section.23}% 24
\BOOKMARK [2][-]{subsection.35}{\376\377\0001\000.\0004\000.\0001\0002\000\040\0005\000.\0004\000\040\000P\000r\000e\000c\000i\000s\000i\000o\000n\000\040\000a\000n\000d\000\040\000d\000i\000s\000p\000u\000t\000e}{section.23}% 25
\BOOKMARK [2][-]{subsection.36}{\376\377\0001\000.\0004\000.\0001\0003\000\040\0006\000\040\000P\000a\000c\000k\000i\000n\000g\000,\000\040\000m\000a\000r\000k\000i\000n\000g\000\040\000a\000n\000d\000\040\000p\000l\000a\000c\000a\000r\000d\000i\000n\000g}{section.23}% 26
\BOOKMARK [2][-]{subsection.37}{\376\377\0001\000.\0004\000.\0001\0004\000\040\000A\000n\000n\000e\000x\000\040\000A\000:\000\040\000P\000r\000e\000c\000i\000s\000i\000o\000n\000\040\000d\000a\000t\000a}{section.23}% 27
\BOOKMARK [2][-]{subsection.38}{\376\377\0001\000.\0004\000.\0001\0005\000\040\000A\000n\000n\000e\000x\000\040\000B\000:\000\040\000C\000a\000l\000c\000u\000l\000a\000t\000i\000o\000n\000\040\000o\000f\000\040\000i\000o\000d\000i\000n\000e\000\040\000v\000a\000l\000u\000e}{section.23}% 28
\BOOKMARK [2][-]{subsection.39}{\376\377\0001\000.\0004\000.\0001\0006\000\040\000A\000n\000n\000e\000x\000\040\000C\000:\000\050\000n\000o\000r\000m\000a\000t\000i\000v\000e\000\051\000\040\000C\000o\000r\000r\000e\000c\000t\000i\000o\000n\000\040\000f\000a\000c\000t\000o\000r\000\040\000f\000o\000r\000\040\000c\000a\000l\000c\000u\000l\000a\000t\000i\000o\000n\000\040\000o\000f\000\040\000d\000e\000n\000s\000i\000t\000y\000\040\000o\000f\000\040\000b\000i\000o\000d\000i\000e\000s\000e\000l}{section.23}% 29
\BOOKMARK [2][-]{subsection.40}{\376\377\0001\000.\0004\000.\0001\0007\000\040\000A\000n\000n\000e\000x\000\040\000D\000:\000\040\000\050\000n\000o\000r\000m\000a\000t\000i\000v\000e\000\051\000\040\000S\000a\000m\000p\000l\000i\000n\000g\000\040\000a\000n\000d\000\040\000c\000o\000m\000p\000l\000i\000a\000n\000c\000e\000\040\000w\000i\000t\000h\000\040\000t\000h\000i\000s\000\040\000s\000t\000a\000n\000d\000a\000r\000d}{section.23}% 30
\BOOKMARK [2][-]{subsection.41}{\376\377\0001\000.\0004\000.\0001\0008\000\040\000A\000n\000n\000e\000x\000\040\000E\000:\000\040\000Q\000u\000a\000l\000i\000t\000y\000\040\000v\000e\000r\000i\000f\000i\000c\000a\000t\000i\000o\000n\000\040\000o\000f\000\040\000a\000u\000t\000o\000m\000o\000t\000i\000v\000e\000\040\000b\000i\000o\000d\000i\000e\000s\000e\000l\000\040\000f\000u\000e\000l}{section.23}% 31
\BOOKMARK [2][-]{subsection.42}{\376\377\0001\000.\0004\000.\0001\0009\000\040\000T\000a\000b\000l\000e\000\040\0001}{section.23}% 32
\BOOKMARK [3][-]{subsubsection.43}{\376\377\0001\000.\0004\000.\0001\0009\000.\0001\000\040\000E\000s\000t\000e\000r\000\040\000c\000o\000n\000t\000e\000n\000t}{subsection.42}% 33
\BOOKMARK [3][-]{subsubsection.44}{\376\377\0001\000.\0004\000.\0001\0009\000.\0002\000\040\000D\000e\000n\000s\000i\000t\000y}{subsection.42}% 34
\BOOKMARK [3][-]{subsubsection.45}{\376\377\0001\000.\0004\000.\0001\0009\000.\0003\000\040\000K\000i\000n\000e\000m\000a\000t\000i\000c\000\040\000V\000i\000s\000c\000o\000s\000i\000t\000y}{subsection.42}% 35
\BOOKMARK [3][-]{subsubsection.46}{\376\377\0001\000.\0004\000.\0001\0009\000.\0004\000\040\000F\000l\000a\000s\000h\000\040\000P\000o\000i\000n\000t}{subsection.42}% 36
\BOOKMARK [3][-]{subsubsection.47}{\376\377\0001\000.\0004\000.\0001\0009\000.\0005\000\040\000S\000u\000l\000f\000u\000r\000\040\000C\000o\000n\000t\000e\000n\000t}{subsection.42}% 37
\BOOKMARK [3][-]{subsubsection.48}{\376\377\0001\000.\0004\000.\0001\0009\000.\0006\000\040\000C\000a\000r\000b\000o\000n\000\040\000R\000e\000s\000i\000d\000u\000e}{subsection.42}% 38
\BOOKMARK [3][-]{subsubsection.49}{\376\377\0001\000.\0004\000.\0001\0009\000.\0007\000\040\000C\000e\000t\000a\000n\000e\000\040\000N\000u\000m\000b\000e\000r}{subsection.42}% 39
\BOOKMARK [3][-]{subsubsection.50}{\376\377\0001\000.\0004\000.\0001\0009\000.\0008\000\040\000S\000u\000l\000f\000a\000t\000e\000d\000\040\000A\000s\000h\000\040\000C\000o\000n\000t\000e\000n\000t}{subsection.42}% 40
\BOOKMARK [3][-]{subsubsection.51}{\376\377\0001\000.\0004\000.\0001\0009\000.\0009\000\040\000W\000a\000t\000e\000r\000\040\000C\000o\000n\000t\000e\000n\000t}{subsection.42}% 41
\BOOKMARK [3][-]{subsubsection.52}{\376\377\0001\000.\0004\000.\0001\0009\000.\0001\0000\000\040\000T\000o\000t\000a\000l\000\040\000C\000o\000n\000t\000a\000m\000i\000n\000a\000t\000i\000o\000n}{subsection.42}% 42
\BOOKMARK [3][-]{subsubsection.53}{\376\377\0001\000.\0004\000.\0001\0009\000.\0001\0001\000\040\000C\000o\000p\000p\000e\000r\000\040\000S\000t\000r\000i\000p\000\040\000C\000o\000r\000r\000o\000s\000i\000o\000n}{subsection.42}% 43
\BOOKMARK [3][-]{subsubsection.54}{\376\377\0001\000.\0004\000.\0001\0009\000.\0001\0002\000\040\000O\000x\000i\000d\000a\000t\000i\000o\000n\000\040\000S\000t\000a\000b\000i\000l\000i\000t\000y}{subsection.42}% 44
\BOOKMARK [3][-]{subsubsection.55}{\376\377\0001\000.\0004\000.\0001\0009\000.\0001\0003\000\040\000A\000c\000i\000d\000\040\000V\000a\000l\000u\000e}{subsection.42}% 45
\BOOKMARK [3][-]{subsubsection.56}{\376\377\0001\000.\0004\000.\0001\0009\000.\0001\0004\000\040\000I\000o\000d\000i\000n\000e\000\040\000V\000a\000l\000u\000e}{subsection.42}% 46
\BOOKMARK [3][-]{subsubsection.57}{\376\377\0001\000.\0004\000.\0001\0009\000.\0001\0005\000\040\000L\000i\000n\000o\000l\000e\000n\000i\000c\000\040\000a\000c\000i\000d\000\040\000m\000e\000t\000h\000y\000l\000\040\000e\000s\000t\000e\000r}{subsection.42}% 47
\BOOKMARK [3][-]{subsubsection.58}{\376\377\0001\000.\0004\000.\0001\0009\000.\0001\0006\000\040\000P\000o\000l\000y\000u\000n\000s\000a\000t\000u\000r\000a\000t\000e\000d\000\040\000m\000e\000t\000h\000y\000l\000\040\000e\000s\000t\000e\000r\000s}{subsection.42}% 48
\BOOKMARK [3][-]{subsubsection.59}{\376\377\0001\000.\0004\000.\0001\0009\000.\0001\0007\000\040\000M\000e\000t\000h\000a\000n\000o\000l\000\040\000c\000o\000n\000t\000e\000n\000t}{subsection.42}% 49
\BOOKMARK [3][-]{subsubsection.60}{\376\377\0001\000.\0004\000.\0001\0009\000.\0001\0008\000\040\000M\000o\000n\000o\000g\000l\000y\000c\000e\000r\000i\000d\000e\000\040\000c\000o\000n\000t\000e\000n\000t}{subsection.42}% 50
\BOOKMARK [3][-]{subsubsection.61}{\376\377\0001\000.\0004\000.\0001\0009\000.\0001\0009\000\040\000D\000i\000g\000l\000y\000c\000e\000r\000i\000d\000e\000\040\000c\000o\000n\000t\000e\000n\000t}{subsection.42}% 51
\BOOKMARK [3][-]{subsubsection.62}{\376\377\0001\000.\0004\000.\0001\0009\000.\0002\0000\000\040\000T\000r\000i\000g\000l\000y\000c\000e\000r\000i\000d\000e\000\040\000c\000o\000n\000t\000e\000n\000t}{subsection.42}% 52
\BOOKMARK [3][-]{subsubsection.63}{\376\377\0001\000.\0004\000.\0001\0009\000.\0002\0001\000\040\000F\000r\000e\000e\000\040\000g\000l\000y\000c\000e\000r\000o\000l}{subsection.42}% 53
\BOOKMARK [3][-]{subsubsection.64}{\376\377\0001\000.\0004\000.\0001\0009\000.\0002\0002\000\040\000T\000o\000t\000a\000l\000\040\000g\000l\000y\000c\000e\000r\000o\000l}{subsection.42}% 54
\BOOKMARK [3][-]{subsubsection.65}{\376\377\0001\000.\0004\000.\0001\0009\000.\0002\0003\000\040\000G\000r\000o\000u\000p\000\040\000I\000\040\000m\000e\000t\000a\000l\000s\000\040\000\050\000t\000o\000t\000a\000l\000\040\000o\000f\000\040\000N\000a\000\040\000a\000n\000d\000\040\000K\000\051}{subsection.42}% 55
\BOOKMARK [3][-]{subsubsection.66}{\376\377\0001\000.\0004\000.\0001\0009\000.\0002\0004\000\040\000G\000r\000o\000u\000p\000\040\000I\000I\000\040\000m\000e\000t\000a\000l\000s\000\040\000\050\000t\000o\000t\000a\000l\000\040\000o\000f\000\040\000C\000a\000\040\000a\000n\000d\000\040\000M\000g\000\051}{subsection.42}% 56
\BOOKMARK [3][-]{subsubsection.67}{\376\377\0001\000.\0004\000.\0001\0009\000.\0002\0005\000\040\000P\000h\000o\000s\000p\000h\000o\000r\000o\000u\000s\000\040\000c\000o\000n\000t\000e\000n\000t}{subsection.42}% 57
\BOOKMARK [3][-]{subsubsection.68}{\376\377\0001\000.\0004\000.\0001\0009\000.\0002\0006\000\040\000C\000o\000l\000d\000\040\000F\000i\000l\000t\000e\000r\000\040\000P\000l\000u\000g\000g\000i\000n\000g\000\040\000P\000o\000i\000n\000t}{subsection.42}% 58
\BOOKMARK [2][-]{subsection.69}{\376\377\0001\000.\0004\000.\0002\0000\000\040\000C\000o\000n\000c\000l\000u\000s\000i\000o\000n}{section.23}% 59
\BOOKMARK [0][-]{chapter.70}{\376\377\0002\000\040\000L\000i\000t\000e\000r\000a\000t\000u\000r\000e\000\040\000B\000a\000c\000k\000g\000r\000o\000u\000n\000d}{}% 60
\BOOKMARK [1][-]{section.71}{\376\377\0002\000.\0001\000\040\000I\000n\000t\000r\000o\000d\000u\000c\000t\000i\000o\000n}{chapter.70}% 61
\BOOKMARK [1][-]{section.73}{\376\377\0002\000.\0002\000\040\000G\000C}{chapter.70}% 62
\BOOKMARK [1][-]{section.75}{\376\377\0002\000.\0003\000\040\000G\000C\000x\000G\000C}{chapter.70}% 63
\BOOKMARK [1][-]{section.76}{\376\377\0002\000.\0004\000\040\000S\000F\000C}{chapter.70}% 64
\BOOKMARK [1][-]{section.77}{\376\377\0002\000.\0005\000\040\000L\000C}{chapter.70}% 65
\BOOKMARK [1][-]{section.78}{\376\377\0002\000.\0006\000\040\000H\000P\000L\000C\000-\000G\000C}{chapter.70}% 66
\BOOKMARK [1][-]{section.79}{\376\377\0002\000.\0007\000\040\000M\000i\000s\000c\000e\000l\000l\000a\000n\000e\000o\000u\000s}{chapter.70}% 67
\BOOKMARK [1][-]{section.80}{\376\377\0002\000.\0008\000\040\000T\000e\000c\000h\000n\000i\000q\000u\000e\000s\000\040\000s\000i\000m\000i\000l\000a\000r\000\040\000t\000o\000\040\000S\000F\000C\000G\000C}{chapter.70}% 68
\BOOKMARK [2][-]{subsection.81}{\376\377\0002\000.\0008\000.\0001\000\040\000S\000F\000C\000-\000G\000C}{section.80}% 69
\BOOKMARK [2][-]{subsection.82}{\376\377\0002\000.\0008\000.\0002\000\040\000S\000F\000C\000S\000F\000C}{section.80}% 70
\BOOKMARK [0][-]{chapter.83}{\376\377\0003\000\040\000I\000n\000s\000t\000r\000u\000m\000e\000n\000t\000a\000t\000i\000o\000n\000:\000\040\000F\000a\000s\000t\000\040\000T\000e\000m\000p\000e\000r\000a\000t\000u\000r\000e\000\040\000P\000r\000o\000g\000r\000a\000m\000\040\000G\000C}{}% 71
\BOOKMARK [1][-]{section.84}{\376\377\0003\000.\0001\000\040\000T\000h\000e\000\040\000n\000a\000t\000u\000r\000e\000\040\000o\000f\000\040\000t\000h\000e\000\040\000p\000r\000o\000b\000l\000e\000m}{chapter.83}% 72
\BOOKMARK [1][-]{section.86}{\376\377\0003\000.\0002\000\040\000W\000h\000y\000\040\000f\000a\000s\000t\000\040\000t\000e\000m\000p\000e\000r\000a\000t\000u\000r\000e\000\040\000p\000r\000o\000g\000r\000a\000m\000\040\000g\000a\000s\000\040\000c\000h\000r\000o\000m\000a\000t\000o\000g\000r\000a\000p\000h\000y\000?}{chapter.83}% 73
\BOOKMARK [1][-]{section.87}{\376\377\0003\000.\0003\000\040\000F\000a\000s\000t\000\040\000G\000C\000\040\000t\000h\000e\000o\000r\000y}{chapter.83}% 74
\BOOKMARK [1][-]{section.92}{\376\377\0003\000.\0004\000\040\000H\000o\000w\000\040\000t\000h\000e\000\040\000t\000e\000m\000p\000e\000r\000a\000t\000u\000r\000e\000\040\000m\000e\000a\000s\000u\000r\000e\000m\000e\000n\000t\000\040\000w\000o\000r\000k\000s}{chapter.83}% 75
\BOOKMARK [2][-]{subsection.94}{\376\377\0003\000.\0004\000.\0001\000\040\000A\000s\000s\000u\000m\000p\000t\000i\000o\000n\000s}{section.92}% 76
\BOOKMARK [1][-]{section.95}{\376\377\0003\000.\0005\000\040\000C\000a\000l\000i\000b\000r\000a\000t\000i\000n\000g\000\040\000t\000h\000e\000\040\000C\000o\000l\000u\000m\000n}{chapter.83}% 77
\BOOKMARK [2][-]{subsection.96}{\376\377\0003\000.\0005\000.\0001\000\040\000T\000h\000e\000r\000m\000o\000c\000o\000u\000p\000l\000e}{section.95}% 78
\BOOKMARK [1][-]{section.124}{\376\377\0003\000.\0006\000\040\000T\000h\000e\000r\000m\000o\000c\000o\000u\000p\000l\000e\000\040\000W\000e\000l\000d\000i\000n\000g}{chapter.83}% 79
\BOOKMARK [1][-]{section.128}{\376\377\0003\000.\0007\000\040\000E\000x\000t\000r\000a}{chapter.83}% 80
\BOOKMARK [0][-]{chapter.129}{\376\377\0004\000\040\000I\000n\000s\000t\000r\000u\000m\000e\000n\000t\000a\000t\000i\000o\000n\000:\000\040\000G\000r\000a\000d\000i\000e\000n\000t\000\040\000e\000l\000u\000t\000i\000o\000n\000\040\000S\000F\000C}{}% 81
\BOOKMARK [1][-]{section.130}{\376\377\0004\000.\0001\000\040\000S\000u\000p\000e\000r\000c\000r\000i\000t\000i\000c\000a\000l\000\040\000F\000l\000u\000i\000d\000\040\000C\000h\000r\000o\000m\000a\000t\000o\000g\000r\000a\000p\000h\000y}{chapter.129}% 82
\BOOKMARK [1][-]{section.132}{\376\377\0004\000.\0002\000\040\000S\000F\000C}{chapter.129}% 83
\BOOKMARK [1][-]{section.133}{\376\377\0004\000.\0003\000\040\000G\000r\000a\000d\000i\000e\000n\000t\000\040\000E\000l\000u\000t\000i\000o\000n\000\040\000S\000F\000C}{chapter.129}% 84
\BOOKMARK [2][-]{subsection.134}{\376\377\0004\000.\0003\000.\0001\000\040\000P\000r\000e\000s\000s\000u\000r\000e\000\040\000P\000r\000o\000g\000r\000a\000m\000m\000i\000n\000g}{section.133}% 85
\BOOKMARK [2][-]{subsection.135}{\376\377\0004\000.\0003\000.\0002\000\040\000M\000o\000d\000i\000f\000i\000e\000r\000\040\000P\000r\000o\000g\000r\000a\000m\000m\000i\000n\000g}{section.133}% 86
\BOOKMARK [2][-]{subsection.136}{\376\377\0004\000.\0003\000.\0003\000\040\000A\000d\000d\000i\000t\000i\000v\000e\000\040\000P\000r\000o\000g\000r\000a\000m\000m\000i\000n\000g}{section.133}% 87
\BOOKMARK [1][-]{section.137}{\376\377\0004\000.\0004\000\040\000R\000e\000s\000t\000r\000i\000c\000t\000o\000r\000s}{chapter.129}% 88
\BOOKMARK [1][-]{section.146}{\376\377\0004\000.\0005\000\040\000D\000e\000t\000e\000c\000t\000o\000r\000s}{chapter.129}% 89
\BOOKMARK [1][-]{section.147}{\376\377\0004\000.\0006\000\040\000S\000o\000f\000t\000w\000a\000r\000e}{chapter.129}% 90
\BOOKMARK [2][-]{subsection.148}{\376\377\0004\000.\0006\000.\0001\000\040\000I\000n\000s\000t\000r\000u\000m\000e\000n\000t\000\040\000C\000o\000n\000t\000r\000o\000l}{section.147}% 91
\BOOKMARK [2][-]{subsection.149}{\376\377\0004\000.\0006\000.\0002\000\040\000D\000a\000t\000a\000\040\000c\000o\000l\000l\000e\000c\000t\000i\000o\000n\000\040\000a\000n\000d\000\040\000a\000n\000a\000l\000y\000s\000i\000s\000.}{section.147}% 92
\BOOKMARK [0][-]{chapter.150}{\376\377\0005\000\040\000I\000n\000s\000t\000r\000u\000m\000e\000n\000t\000a\000t\000i\000o\000n\000\040\000P\000e\000r\000f\000o\000r\000m\000a\000n\000c\000e}{}% 93
\BOOKMARK [1][-]{section.151}{\376\377\0005\000.\0001\000\040\000S\000F\000C}{chapter.150}% 94
\BOOKMARK [2][-]{subsection.152}{\376\377\0005\000.\0001\000.\0001\000\040\000R\000e\000s\000t\000r\000i\000c\000t\000o\000r\000\040\000b\000l\000o\000c\000k\000a\000g\000e}{section.151}% 95
\BOOKMARK [1][-]{section.155}{\376\377\0005\000.\0002\000\040\000F\000a\000s\000t\000\040\000G\000C}{chapter.150}% 96
\BOOKMARK [1][-]{section.156}{\376\377\0005\000.\0003\000\040\000H\000e\000a\000t\000i\000n\000g\000\040\000a\000n\000d\000\040\000c\000o\000o\000l\000i\000n\000g\000\040\000r\000a\000t\000e\000s}{chapter.150}% 97
\BOOKMARK [1][-]{section.158}{\376\377\0005\000.\0004\000\040\000R\000e\000p\000e\000a\000t\000a\000b\000i\000l\000i\000t\000y}{chapter.150}% 98
\BOOKMARK [0][-]{chapter.159}{\376\377\0006\000\040\000A\000n\000a\000l\000y\000s\000i\000s\000\040\000o\000f\000\040\000B\000i\000o\000d\000i\000e\000s\000e\000l}{}% 99
\BOOKMARK [1][-]{section.160}{\376\377\0006\000.\0001\000\040\000I\000n\000t\000r\000o\000d\000u\000c\000t\000i\000o\000n\000\040\000t\000o\000\040\000B\000i\000o\000d\000i\000e\000s\000e\000l}{chapter.159}% 100
\BOOKMARK [1][-]{section.161}{\376\377\0006\000.\0002\000\040\000F\000a\000t\000t\000y\000\040\000a\000c\000i\000d\000\040\000p\000r\000o\000f\000i\000l\000e\000s\000.}{chapter.159}% 101
\BOOKMARK [0][-]{chapter.162}{\376\377\0007\000\040\000C\000o\000n\000c\000l\000u\000s\000i\000o\000n}{}% 102
\BOOKMARK [1][-]{section.163}{\376\377\0007\000.\0001\000\040\000I\000n\000t\000r\000o\000d\000u\000c\000t\000i\000o\000n\000\040\000t\000o\000\040\000B\000i\000o\000d\000i\000e\000s\000e\000l}{chapter.162}% 103
\BOOKMARK [0][-]{appendix.164}{\376\377\000A\000\040\000A\000p\000p\000e\000n\000d\000i\000x\000\040\000T\000i\000t\000l\000e\000\040\000H\000e\000r\000e}{}% 104
\BOOKMARK [0][-]{dummy.165}{\376\377\000B\000i\000b\000l\000i\000o\000g\000r\000a\000p\000h\000y}{}% 105
