This is pdfTeX, Version 3.1415926-2.4-1.40.13 (MiKTeX 2.9 64-bit) (preloaded format=pdflatex 2013.1.29)  28 DEC 2013 23:32
entering extended mode
**C:/Users/Niel/My*PhD/Thesis/BiodieselSFCxGC/Thesis.tex
("C:/Users/Niel/My PhD/Thesis/BiodieselSFCxGC/Thesis.tex"
LaTeX2e <2011/06/27>
Babel <v3.8m> and hyphenation patterns for english, afrikaans, ancientgreek, ar
abic, armenian, assamese, basque, bengali, bokmal, bulgarian, catalan, coptic, 
croatian, czech, danish, dutch, esperanto, estonian, farsi, finnish, french, ga
lician, german, german-x-2012-05-30, greek, gujarati, hindi, hungarian, iceland
ic, indonesian, interlingua, irish, italian, kannada, kurmanji, latin, latvian,
 lithuanian, malayalam, marathi, mongolian, mongolianlmc, monogreek, ngerman, n
german-x-2012-05-30, nynorsk, oriya, panjabi, pinyin, polish, portuguese, roman
ian, russian, sanskrit, serbian, slovak, slovenian, spanish, swedish, swissgerm
an, tamil, telugu, turkish, turkmen, ukenglish, ukrainian, uppersorbian, usengl
ishmax, welsh, loaded.
("C:\Users\Niel\My PhD\Thesis\BiodieselSFCxGC\Thesis.cls"
Document Class: Thesis 2007/22/02 v1.0 LaTeX document class
("C:\Program Files\MiKTeX 2.9\tex\latex\base\book.cls"
Document Class: book 2007/10/19 v1.4h Standard LaTeX document class
("C:\Program Files\MiKTeX 2.9\tex\latex\base\bk11.clo"
File: bk11.clo 2007/10/19 v1.4h Standard LaTeX file (size option)
)
\c@part=\count79
\c@chapter=\count80
\c@section=\count81
\c@subsection=\count82
\c@subsubsection=\count83
\c@paragraph=\count84
\c@subparagraph=\count85
\c@figure=\count86
\c@table=\count87
\abovecaptionskip=\skip41
\belowcaptionskip=\skip42
\bibindent=\dimen102
)
(C:\Users\Niel\AppData\Roaming\MiKTeX\2.9\tex\latex\setspace\setspace.sty
Package: setspace 2011/12/19 v6.7a set line spacing
)
(C:\Users\Niel\AppData\Roaming\MiKTeX\2.9\tex\latex\ieeepes\vmargin.sty
Package: vmargin 1999/06/01

Package `vmargin', V2.2, <1999/06/01>
\PaperWidth=\dimen103
\PaperHeight=\dimen104
) (C:\Users\Niel\AppData\Roaming\MiKTeX\2.9\tex\latex\fancyhdr\fancyhdr.sty
\fancy@headwidth=\skip43
\f@ncyO@elh=\skip44
\f@ncyO@erh=\skip45
\f@ncyO@olh=\skip46
\f@ncyO@orh=\skip47
\f@ncyO@elf=\skip48
\f@ncyO@erf=\skip49
\f@ncyO@olf=\skip50
\f@ncyO@orf=\skip51
)
("C:\Program Files\MiKTeX 2.9\tex\latex\amsmath\amsmath.sty"
Package: amsmath 2013/01/14 v2.14 AMS math features
\@mathmargin=\skip52

For additional information on amsmath, use the `?' option.
("C:\Program Files\MiKTeX 2.9\tex\latex\amsmath\amstext.sty"
Package: amstext 2000/06/29 v2.01

("C:\Program Files\MiKTeX 2.9\tex\latex\amsmath\amsgen.sty"
File: amsgen.sty 1999/11/30 v2.0
\@emptytoks=\toks14
\ex@=\dimen105
))
("C:\Program Files\MiKTeX 2.9\tex\latex\amsmath\amsbsy.sty"
Package: amsbsy 1999/11/29 v1.2d
\pmbraise@=\dimen106
)
("C:\Program Files\MiKTeX 2.9\tex\latex\amsmath\amsopn.sty"
Package: amsopn 1999/12/14 v2.01 operator names
)
\inf@bad=\count88
LaTeX Info: Redefining \frac on input line 210.
\uproot@=\count89
\leftroot@=\count90
LaTeX Info: Redefining \overline on input line 306.
\classnum@=\count91
\DOTSCASE@=\count92
LaTeX Info: Redefining \ldots on input line 378.
LaTeX Info: Redefining \dots on input line 381.
LaTeX Info: Redefining \cdots on input line 466.
\Mathstrutbox@=\box26
\strutbox@=\box27
\big@size=\dimen107
LaTeX Font Info:    Redeclaring font encoding OML on input line 566.
LaTeX Font Info:    Redeclaring font encoding OMS on input line 567.
\macc@depth=\count93
\c@MaxMatrixCols=\count94
\dotsspace@=\muskip10
\c@parentequation=\count95
\dspbrk@lvl=\count96
\tag@help=\toks15
\row@=\count97
\column@=\count98
\maxfields@=\count99
\andhelp@=\toks16
\eqnshift@=\dimen108
\alignsep@=\dimen109
\tagshift@=\dimen110
\tagwidth@=\dimen111
\totwidth@=\dimen112
\lineht@=\dimen113
\@envbody=\toks17
\multlinegap=\skip53
\multlinetaggap=\skip54
\mathdisplay@stack=\toks18
LaTeX Info: Redefining \[ on input line 2665.
LaTeX Info: Redefining \] on input line 2666.
)
("C:\Program Files\MiKTeX 2.9\tex\latex\amsfonts\amsfonts.sty"
Package: amsfonts 2009/06/22 v3.00 Basic AMSFonts support
\symAMSa=\mathgroup4
\symAMSb=\mathgroup5
LaTeX Font Info:    Overwriting math alphabet `\mathfrak' in version `bold'
(Font)                  U/euf/m/n --> U/euf/b/n on input line 96.
)
("C:\Program Files\MiKTeX 2.9\tex\latex\amsfonts\amssymb.sty"
Package: amssymb 2009/06/22 v3.00
)
("C:\Program Files\MiKTeX 2.9\tex\latex\amsmath\amscd.sty"
Package: amscd 1999/11/29 v2.0
\athelp@=\toks19
\minaw@=\dimen114
\bigaw@=\dimen115
\minCDarrowwidth=\dimen116
)
("C:\Program Files\MiKTeX 2.9\tex\latex\amscls\amsthm.sty"
Package: amsthm 2004/08/06 v2.20
\thm@style=\toks20
\thm@bodyfont=\toks21
\thm@headfont=\toks22
\thm@notefont=\toks23
\thm@headpunct=\toks24
\thm@preskip=\skip55
\thm@postskip=\skip56
\thm@headsep=\skip57
\dth@everypar=\toks25
)
("C:\Program Files\MiKTeX 2.9\tex\latex\tools\xspace.sty"
Package: xspace 2009/10/20 v1.13 Space after command names (DPC,MH)
)
\c@example=\count100
\c@theorem=\count101

(C:\Users\Niel\AppData\Roaming\MiKTeX\2.9\tex\latex\caption\caption.sty
Package: caption 2013/01/06 v3.3 Customizing captions (AR)

(C:\Users\Niel\AppData\Roaming\MiKTeX\2.9\tex\latex\caption\caption3.sty
Package: caption3 2013/01/06 v1.5 caption3 kernel (AR)

("C:\Program Files\MiKTeX 2.9\tex\latex\graphics\keyval.sty"
Package: keyval 1999/03/16 v1.13 key=value parser (DPC)
\KV@toks@=\toks26
)
\captionmargin=\dimen117
\captionmargin@=\dimen118
\captionwidth=\dimen119
\caption@tempdima=\dimen120
\caption@indent=\dimen121
\caption@parindent=\dimen122
\caption@hangindent=\dimen123
)
\c@ContinuedFloat=\count102
)
("C:\Program Files\MiKTeX 2.9\tex\latex\graphics\graphicx.sty"
Package: graphicx 1999/02/16 v1.0f Enhanced LaTeX Graphics (DPC,SPQR)

("C:\Program Files\MiKTeX 2.9\tex\latex\graphics\graphics.sty"
Package: graphics 2009/02/05 v1.0o Standard LaTeX Graphics (DPC,SPQR)

("C:\Program Files\MiKTeX 2.9\tex\latex\graphics\trig.sty"
Package: trig 1999/03/16 v1.09 sin cos tan (DPC)
)
("C:\Program Files\MiKTeX 2.9\tex\latex\00miktex\graphics.cfg"
File: graphics.cfg 2007/01/18 v1.5 graphics configuration of teTeX/TeXLive
)
Package graphics Info: Driver file: pdftex.def on input line 91.

("C:\Program Files\MiKTeX 2.9\tex\latex\pdftex-def\pdftex.def"
File: pdftex.def 2011/05/27 v0.06d Graphics/color for pdfTeX

("C:\Program Files\MiKTeX 2.9\tex\generic\oberdiek\infwarerr.sty"
Package: infwarerr 2010/04/08 v1.3 Providing info/warning/error messages (HO)
)
("C:\Program Files\MiKTeX 2.9\tex\generic\oberdiek\ltxcmds.sty"
Package: ltxcmds 2011/11/09 v1.22 LaTeX kernel commands for general use (HO)
)
\Gread@gobject=\count103
))
\Gin@req@height=\dimen124
\Gin@req@width=\dimen125
)
("C:\Users\Niel\My PhD\Thesis\BiodieselSFCxGC\epstopdf.sty"
Package: epstopdf 2001/02/04 v1.1 Conversion with epstopdf on the fly (HO)
)
(C:\Users\Niel\AppData\Roaming\MiKTeX\2.9\tex\latex\subfigure\subfigure.sty
Package: subfigure 2002/07/30 v2.1.4 subfigure package
\subfigtopskip=\skip58
\subfigcapskip=\skip59
\subfigcaptopadj=\dimen126
\subfigbottomskip=\skip60
\subfigcapmargin=\dimen127
\subfiglabelskip=\skip61
\c@subfigure=\count104
\c@lofdepth=\count105
\c@subtable=\count106
\c@lotdepth=\count107

****************************************
* Local config file subfigure.cfg used *
****************************************
(C:\Users\Niel\AppData\Roaming\MiKTeX\2.9\tex\latex\subfigure\subfigure.cfg)
\subfig@top=\skip62
\subfig@bottom=\skip63
)
(C:\Users\Niel\AppData\Roaming\MiKTeX\2.9\tex\latex\booktabs\booktabs.sty
Package: booktabs 2005/04/14 v1.61803 publication quality tables
\heavyrulewidth=\dimen128
\lightrulewidth=\dimen129
\cmidrulewidth=\dimen130
\belowrulesep=\dimen131
\belowbottomsep=\dimen132
\aboverulesep=\dimen133
\abovetopsep=\dimen134
\cmidrulesep=\dimen135
\cmidrulekern=\dimen136
\defaultaddspace=\dimen137
\@cmidla=\count108
\@cmidlb=\count109
\@aboverulesep=\dimen138
\@belowrulesep=\dimen139
\@thisruleclass=\count110
\@lastruleclass=\count111
\@thisrulewidth=\dimen140
)
(C:\Users\Niel\AppData\Roaming\MiKTeX\2.9\tex\latex\rotating\rotating.sty
Package: rotating 2009/03/28 v2.16a rotated objects in LaTeX

("C:\Program Files\MiKTeX 2.9\tex\latex\base\ifthen.sty"
Package: ifthen 2001/05/26 v1.1c Standard LaTeX ifthen package (DPC)
)
\c@r@tfl@t=\count112
\rotFPtop=\skip64
\rotFPbot=\skip65
\rot@float@box=\box28
\rot@mess@toks=\toks27
)
("C:\Users\Niel\My PhD\Thesis\BiodieselSFCxGC\listings.sty"
\lst@mode=\count113
\lst@gtempboxa=\box29
\lst@token=\toks28
\lst@length=\count114
\lst@currlwidth=\dimen141
\lst@column=\count115
\lst@pos=\count116
\lst@lostspace=\dimen142
\lst@width=\dimen143
\lst@newlines=\count117
\lst@lineno=\count118
\lst@maxwidth=\dimen144

("C:\Users\Niel\My PhD\Thesis\BiodieselSFCxGC\lstpatch.sty"

***
*** This is a patch for listings 1.3, but you're using
*** version 1.4.
***
*** Patch file not loaded.
***

) ("C:\Users\Niel\My PhD\Thesis\BiodieselSFCxGC\lstmisc.sty"
File: lstmisc.sty 2007/02/22 1.4 (Carsten Heinz)
\c@lstnumber=\count119
\lst@skipnumbers=\count120
\lst@framebox=\box30
)
(C:\Users\Niel\AppData\Roaming\MiKTeX\2.9\tex\latex\listings\listings.cfg
File: listings.cfg 2007/02/22 1.4 listings configuration
))
Package: listings 2007/02/22 1.4 (Carsten Heinz)

("C:\Users\Niel\My PhD\Thesis\BiodieselSFCxGC\lstpatch.sty"

***
*** This is a patch for listings 1.3, but you're using
*** version 1.4.
***
 *** Patch file not loaded.
***

) ("C:\Program Files\MiKTeX 2.9\tex\latex\hyperref\hyperref.sty"
Package: hyperref 2012/11/06 v6.83m Hypertext links for LaTeX

("C:\Program Files\MiKTeX 2.9\tex\generic\oberdiek\hobsub-hyperref.sty"
Package: hobsub-hyperref 2012/04/25 v1.12 Bundle oberdiek, subset hyperref (HO)


("C:\Program Files\MiKTeX 2.9\tex\generic\oberdiek\hobsub-generic.sty"
Package: hobsub-generic 2012/04/25 v1.12 Bundle oberdiek, subset generic (HO)
Package: hobsub 2012/04/25 v1.12 Construct package bundles (HO)
Package hobsub Info: Skipping package `infwarerr' (already loaded).
Package hobsub Info: Skipping package `ltxcmds' (already loaded).
Package: ifluatex 2010/03/01 v1.3 Provides the ifluatex switch (HO)
Package ifluatex Info: LuaTeX not detected.
Package: ifvtex 2010/03/01 v1.5 Detect VTeX and its facilities (HO)
Package ifvtex Info: VTeX not detected.
Package: intcalc 2007/09/27 v1.1 Expandable calculations with integers (HO)
Package: ifpdf 2011/01/30 v2.3 Provides the ifpdf switch (HO)
Package ifpdf Info: pdfTeX in PDF mode is detected.
Package: etexcmds 2011/02/16 v1.5 Avoid name clashes with e-TeX commands (HO)
Package etexcmds Info: Could not find \expanded.
(etexcmds)             That can mean that you are not using pdfTeX 1.50 or
(etexcmds)             that some package has redefined \expanded.
(etexcmds)             In the latter case, load this package earlier.
Package: kvsetkeys 2012/04/25 v1.16 Key value parser (HO)
Package: kvdefinekeys 2011/04/07 v1.3 Define keys (HO)
Package: pdftexcmds 2011/11/29 v0.20 Utility functions of pdfTeX for LuaTeX (HO
)
Package pdftexcmds Info: LuaTeX not detected.
Package pdftexcmds Info: \pdf@primitive is available.
Package pdftexcmds Info: \pdf@ifprimitive is available.
Package pdftexcmds Info: \pdfdraftmode found.
Package: pdfescape 2011/11/25 v1.13 Implements pdfTeX's escape features (HO)
Package: bigintcalc 2012/04/08 v1.3 Expandable calculations on big integers (HO
)
Package: bitset 2011/01/30 v1.1 Handle bit-vector datatype (HO)
Package: uniquecounter 2011/01/30 v1.2 Provide unlimited unique counter (HO)
)
Package hobsub Info: Skipping package `hobsub' (already loaded).
Package: letltxmacro 2010/09/02 v1.4 Let assignment for LaTeX macros (HO)
Package: hopatch 2011/06/24 v1.1 Wrapper for package hooks (HO)
Package: xcolor-patch 2011/01/30 xcolor patch
Package: atveryend 2011/06/30 v1.8 Hooks at the very end of document (HO)
Package atveryend Info: \enddocument detected (standard20110627).
Package: atbegshi 2011/10/05 v1.16 At begin shipout hook (HO)
Package: refcount 2011/10/16 v3.4 Data extraction from label references (HO)
Package: hycolor 2011/01/30 v1.7 Color options for hyperref/bookmark (HO)
)
("C:\Program Files\MiKTeX 2.9\tex\generic\ifxetex\ifxetex.sty"
Package: ifxetex 2010/09/12 v0.6 Provides ifxetex conditional
)
("C:\Program Files\MiKTeX 2.9\tex\latex\oberdiek\auxhook.sty"
Package: auxhook 2011/03/04 v1.3 Hooks for auxiliary files (HO)
)
("C:\Program Files\MiKTeX 2.9\tex\latex\oberdiek\kvoptions.sty"
Package: kvoptions 2011/06/30 v3.11 Key value format for package options (HO)
)
\@linkdim=\dimen145
\Hy@linkcounter=\count121
\Hy@pagecounter=\count122

("C:\Program Files\MiKTeX 2.9\tex\latex\hyperref\pd1enc.def"
File: pd1enc.def 2012/11/06 v6.83m Hyperref: PDFDocEncoding definition (HO)
)
\Hy@SavedSpaceFactor=\count123

("C:\Program Files\MiKTeX 2.9\tex\latex\00miktex\hyperref.cfg"
File: hyperref.cfg 2002/06/06 v1.2 hyperref configuration of TeXLive
)
Package hyperref Info: Option `bookmarks' set `true' on input line 4319.
Package hyperref Info: Option `bookmarksopen' set `true' on input line 4319.
Package hyperref Info: Option `bookmarksnumbered' set `true' on input line 4319
.
Package hyperref Info: Option `hypertexnames' set `false' on input line 4319.
Package hyperref Info: Option `colorlinks' set `true' on input line 4319.
Package hyperref Info: Option `unicode' set `true' on input line 4319.

("C:\Program Files\MiKTeX 2.9\tex\latex\hyperref\puenc.def"
File: puenc.def 2012/11/06 v6.83m Hyperref: PDF Unicode definition (HO)
)
Package hyperref Info: Option `breaklinks' set `true' on input line 4319.
Package hyperref Info: Hyper figures OFF on input line 4443.
Package hyperref Info: Link nesting OFF on input line 4448.
Package hyperref Info: Hyper index ON on input line 4451.
Package hyperref Info: Plain pages OFF on input line 4458.
Package hyperref Info: Backreferencing OFF on input line 4463.
Package hyperref Info: Implicit mode ON; LaTeX internals redefined.
Package hyperref Info: Bookmarks ON on input line 4688.
\c@Hy@tempcnt=\count124

("C:\Program Files\MiKTeX 2.9\tex\latex\ltxmisc\url.sty"
\Urlmuskip=\muskip11
Package: url 2006/04/12  ver 3.3  Verb mode for urls, etc.
)
LaTeX Info: Redefining \url on input line 5041.
\XeTeXLinkMargin=\dimen146
\Fld@menulength=\count125
\Field@Width=\dimen147
\Fld@charsize=\dimen148
Package hyperref Info: Hyper figures OFF on input line 6295.
Package hyperref Info: Link nesting OFF on input line 6300.
Package hyperref Info: Hyper index ON on input line 6303.
Package hyperref Info: backreferencing OFF on input line 6310.
Package hyperref Info: Link coloring ON on input line 6313.
Package hyperref Info: Link coloring with OCG OFF on input line 6320.
Package hyperref Info: PDF/A mode OFF on input line 6325.
LaTeX Info: Redefining \ref on input line 6365.
LaTeX Info: Redefining \pageref on input line 6369.
\Hy@abspage=\count126
\c@Item=\count127
\c@Hfootnote=\count128
)

Package hyperref Message: Driver (autodetected): hpdftex.

("C:\Program Files\MiKTeX 2.9\tex\latex\hyperref\hpdftex.def"
File: hpdftex.def 2012/11/06 v6.83m Hyperref driver for pdfTeX
\Fld@listcount=\count129
\c@bookmark@seq@number=\count130

("C:\Program Files\MiKTeX 2.9\tex\latex\oberdiek\rerunfilecheck.sty"
Package: rerunfilecheck 2011/04/15 v1.7 Rerun checks for auxiliary files (HO)
Package uniquecounter Info: New unique counter `rerunfilecheck' on input line 2
82.
)
\Hy@SectionHShift=\skip66
)
\c@dummy=\count131

("C:\Program Files\MiKTeX 2.9\tex\latex\tools\longtable.sty"
Package: longtable 2004/02/01 v4.11 Multi-page Table package (DPC)
\LTleft=\skip67
\LTright=\skip68
\LTpre=\skip69
\LTpost=\skip70
\LTchunksize=\count132
\LTcapwidth=\dimen149
\LT@head=\box31
\LT@firsthead=\box32
\LT@foot=\box33
\LT@lastfoot=\box34
\LT@cols=\count133
\LT@rows=\count134
\c@LT@tables=\count135
\c@LT@chunks=\count136
\LT@p@ftn=\toks29
))
(C:\Users\Niel\AppData\Roaming\MiKTeX\2.9\tex\latex\natbib\natbib.sty
Package: natbib 2010/09/13 8.31b (PWD, AO)
\bibhang=\skip71
\bibsep=\skip72
LaTeX Info: Redefining \cite on input line 694.
\c@NAT@ctr=\count137
)
("C:\Program Files\MiKTeX 2.9\tex\latex\tools\verbatim.sty"
Package: verbatim 2003/08/22 v1.5q LaTeX2e package for verbatim enhancements
\every@verbatim=\toks30
\verbatim@line=\toks31
\verbatim@in@stream=\read1
)
("C:\Users\Niel\My PhD\Thesis\BiodieselSFCxGC\vector.sty"
Package: vector 1994/09/16 v1.0 vector macros for LaTeX2e (nde)

("C:\Program Files\MiKTeX 2.9\tex\latex\tools\calc.sty"
Package: calc 2007/08/22 v4.3 Infix arithmetic (KKT,FJ)
\calc@Acount=\count138
\calc@Bcount=\count139
\calc@Adimen=\dimen150
\calc@Bdimen=\dimen151
\calc@Askip=\skip73
\calc@Bskip=\skip74
LaTeX Info: Redefining \setlength on input line 76.
LaTeX Info: Redefining \addtolength on input line 77.
\calc@Ccount=\count140
\calc@Cskip=\skip75
)
\c@vec@elem=\count141
)
Package hyperref Info: Option `colorlinks' set `true' on input line 13.

("C:\Users\Niel\My PhD\Thesis\BiodieselSFCxGC\Thesis.aux"

LaTeX Warning: Label `fig:TheFigureLabel' multiply defined.


LaTeX Warning: Label `fig:TheFigureLabel' multiply defined.

)
LaTeX Font Info:    Checking defaults for OML/cmm/m/it on input line 22.
LaTeX Font Info:    ... okay on input line 22.
LaTeX Font Info:    Checking defaults for T1/cmr/m/n on input line 22.
LaTeX Font Info:    ... okay on input line 22.
LaTeX Font Info:    Checking defaults for OT1/cmr/m/n on input line 22.
LaTeX Font Info:    ... okay on input line 22.
LaTeX Font Info:    Checking defaults for OMS/cmsy/m/n on input line 22.
LaTeX Font Info:    ... okay on input line 22.
LaTeX Font Info:    Checking defaults for OMX/cmex/m/n on input line 22.
LaTeX Font Info:    ... okay on input line 22.
LaTeX Font Info:    Checking defaults for U/cmr/m/n on input line 22.
LaTeX Font Info:    ... okay on input line 22.
LaTeX Font Info:    Checking defaults for PD1/pdf/m/n on input line 22.
LaTeX Font Info:    ... okay on input line 22.
LaTeX Font Info:    Checking defaults for PU/pdf/m/n on input line 22.
LaTeX Font Info:    ... okay on input line 22.
Package caption Info: Begin \AtBeginDocument code.
Package caption Info: hyperref package is loaded.
Package caption Info: listings package is loaded.
Package caption Info: longtable package is loaded.
 (C:\Users\Niel\AppData\Roaming\MiKTeX\2.9\tex\latex\caption\ltcaption.sty
Package: ltcaption 2011/09/12 v1.3 longtable captions (AR)
)
Package caption Info: rotating package is loaded.
Package caption Info: subfigure package is loaded.
Package caption Info: End \AtBeginDocument code.

(C:\Users\Niel\AppData\Roaming\MiKTeX\2.9\tex\context\base\supp-pdf.mkii
[Loading MPS to PDF converter (version 2006.09.02).]
\scratchcounter=\count142
\scratchdimen=\dimen152
\scratchbox=\box35
\nofMPsegments=\count143
\nofMParguments=\count144
\everyMPshowfont=\toks32
\MPscratchCnt=\count145
\MPscratchDim=\dimen153
\MPnumerator=\count146
\makeMPintoPDFobject=\count147
\everyMPtoPDFconversion=\toks33
)
\c@lstlisting=\count148
\AtBeginShipoutBox=\box36
 ("C:\Program Files\MiKTeX 2.9\tex\latex\graphics\color.sty"
Package: color 2005/11/14 v1.0j Standard LaTeX Color (DPC)

("C:\Program Files\MiKTeX 2.9\tex\latex\00miktex\color.cfg"
File: color.cfg 2007/01/18 v1.5 color configuration of teTeX/TeXLive
)
Package color Info: Driver file: pdftex.def on input line 130.
)
Package hyperref Info: Link coloring ON on input line 22.

("C:\Program Files\MiKTeX 2.9\tex\latex\hyperref\nameref.sty"
Package: nameref 2012/10/27 v2.43 Cross-referencing by name of section

("C:\Program Files\MiKTeX 2.9\tex\generic\oberdiek\gettitlestring.sty"
Package: gettitlestring 2010/12/03 v1.4 Cleanup title references (HO)
)
\c@section@level=\count149
)
LaTeX Info: Redefining \ref on input line 22.
LaTeX Info: Redefining \pageref on input line 22.
LaTeX Info: Redefining \nameref on input line 22.

("C:\Users\Niel\My PhD\Thesis\BiodieselSFCxGC\Thesis.out")
("C:\Users\Niel\My PhD\Thesis\BiodieselSFCxGC\Thesis.out")
\@outlinefile=\write3

------------------------------------------------------------------------------
 Title Page
------------------------------------------------------------------------------

Package hyperref Warning: Token not allowed in a PDF string (Unicode):
(hyperref)                removing `math shift' on input line 35.


Package hyperref Warning: Token not allowed in a PDF string (Unicode):
(hyperref)                removing `\times' on input line 35.


Package hyperref Warning: Token not allowed in a PDF string (Unicode):
(hyperref)                removing `math shift' on input line 35.

LaTeX Font Info:    Try loading font information for U+msa on input line 35.
("C:\Program Files\MiKTeX 2.9\tex\latex\amsfonts\umsa.fd"
File: umsa.fd 2009/06/22 v3.00 AMS symbols A
)
LaTeX Font Info:    Try loading font information for U+msb on input line 35.

("C:\Program Files\MiKTeX 2.9\tex\latex\amsfonts\umsb.fd"
File: umsb.fd 2009/06/22 v3.00 AMS symbols B
) [1



{C:/Users/Niel/AppData/Local/MiKTeX/2.9/pdftex/config/pdftex.map}]
------------------------------------------------------------------------------
 Declaration of Authorship
------------------------------------------------------------------------------

Underfull \hbox (badness 10000) in paragraph at lines 76--76

 []

[1

] [2

]
------------------------------------------------------------------------------
 Abstract Page
------------------------------------------------------------------------------
[3

]
------------------------------------------------------------------------------
 Acknowledgements
------------------------------------------------------------------------------
Missing character: There is no é in font cmr10!
[4

] [5]
------------------------------------------------------------------------------
 Table of Contents
------------------------------------------------------------------------------
("C:\Users\Niel\My PhD\Thesis\BiodieselSFCxGC\Thesis.toc"
Overfull \hbox (3.15967pt too wide) in paragraph at lines 21--21
 [][][] [][][]\OT1/cmr/m/n/10.95 4.1.1 The au-to-mo-tive biodiesel fuel shall c
on-tain, prin-ci-pally, mono- 
 []

[6


] [7] [8])
\tf@toc=\write4
 [9]
------------------------------------------------------------------------------
 List of Figures
------------------------------------------------------------------------------
("C:\Users\Niel\My PhD\Thesis\BiodieselSFCxGC\Thesis.lof")
\tf@lof=\write5
 [10


]
------------------------------------------------------------------------------
 List of Tables
------------------------------------------------------------------------------
("C:\Users\Niel\My PhD\Thesis\BiodieselSFCxGC\Thesis.lot"
Missing character: There is no ’ in font cmr10!
)
\tf@lot=\write6
 [11


]
------------------------------------------------------------------------------
 Abbreviations
------------------------------------------------------------------------------
[12



]
------------------------------------------------------------------------------
 Physical Constants
------------------------------------------------------------------------------
[13



]
------------------------------------------------------------------------------
 Symbols
------------------------------------------------------------------------------
[14



]
------------------------------------------------------------------------------
 Dedicatory
------------------------------------------------------------------------------
[15

] ("C:\Users\Niel\My PhD\Thesis\BiodieselSFCxGC\Chapters\Chapter1.tex"
Chapter 1.
------------------------------------------------------------------------------
 1 An introduction to biodiesel
------------------------------------------------------------------------------
[1



] <./Figures/Transesterification.pdf, id=692, 614.295pt x 794.97pt>
File: ./Figures/Transesterification.pdf Graphic file (type pdf)

<use ./Figures/Transesterification.pdf>
Package pdftex.def Info: ./Figures/Transesterification.pdf used on input line 2
5.
(pdftex.def)             Requested size: 333.97972pt x 432.21294pt.
LaTeX Font Info:    Try loading font information for OMS+cmr on input line 35.

("C:\Program Files\MiKTeX 2.9\tex\latex\base\omscmr.fd"
File: omscmr.fd 1999/05/25 v2.5h Standard LaTeX font definitions
)
LaTeX Font Info:    Font shape `OMS/cmr/m/n' in size <10.95> not available
(Font)              Font shape `OMS/cmsy/m/n' tried instead on input line 35.
 [2] [3 <C:/Users/Niel/My PhD/Thesis/BiodieselSFCxGC/Figures/Transesterificatio
n.pdf>] [4]
Overfull \hbox (10.64207pt too wide) in paragraph at lines 64--65
[][]\OT1/cmr/m/n/10.95 Another promis-ing de-vel-op-ment in biodiesel pro-duc-t
ion is the use of su-per-crit-i-cal methanol.
 []

[5] [6] [7] [8] [9] [10] [11] [12] [13] [14] [15] [16] [17] [18])
("C:\Users\Niel\My PhD\Thesis\BiodieselSFCxGC\Chapters\Chapter2.tex" [19]
Chapter 2.
------------------------------------------------------------------------------
 2 Literature Background
------------------------------------------------------------------------------
Missing character: There is no ’ in font cmr10!
Missing character: There is no ’ in font cmr10!
[20

] [21] <./Figures/silylation.jpg, id=806, 511.9125pt x 101.37875pt>
File: ./Figures/silylation.jpg Graphic file (type jpg)

<use ./Figures/silylation.jpg>
Package pdftex.def Info: ./Figures/silylation.jpg used on input line 77.
(pdftex.def)             Requested size: 333.97972pt x 66.14136pt.
 [22 <C:/Users/Niel/My PhD/Thesis/BiodieselSFCxGC/Figures/silylation.jpg>]

Package hyperref Warning: Token not allowed in a PDF string (Unicode):
(hyperref)                removing `math shift' on input line 115.


Package hyperref Warning: Token not allowed in a PDF string (Unicode):
(hyperref)                removing `\times' on input line 115.


Package hyperref Warning: Token not allowed in a PDF string (Unicode):
(hyperref)                removing `math shift' on input line 115.


Package hyperref Warning: Token not allowed in a PDF string (Unicode):
(hyperref)                removing `math shift' on input line 118.


Package hyperref Warning: Token not allowed in a PDF string (Unicode):
(hyperref)                removing `\times' on input line 118.


Package hyperref Warning: Token not allowed in a PDF string (Unicode):
(hyperref)                removing `math shift' on input line 118.

)
Overfull \hbox (6.13918pt too wide) in paragraph at lines 119--227
[]\OT1/cmr/m/n/10.95 The Japanese used SFCxSFC to an-a-lyze tri-gyc-erides [[]]
and FAMEs [[]] us-ing SFC$\OMS/cmsy/m/n/10.95 $\OT1/cmr/m/n/10.95 SFC.
 []


Underfull \hbox (badness 10000) in paragraph at lines 119--227

 []

("C:\Users\Niel\My PhD\Thesis\BiodieselSFCxGC\Chapters\Chapter3.tex" [23]
Chapter 3.
------------------------------------------------------------------------------
 3 Instrumentation: Fast Temperature Program GC
------------------------------------------------------------------------------
<./Figures/ProblemTaxonomy.png, id=827, 1204.5pt x 617.30624pt>
File: ./Figures/ProblemTaxonomy.png Graphic file (type png)

<use ./Figures/ProblemTaxonomy.png>
Package pdftex.def Info: ./Figures/ProblemTaxonomy.png used on input line 13.
(pdftex.def)             Requested size: 333.97972pt x 171.16792pt.
 [24

 <C:/Users/Niel/My PhD/Thesis/BiodieselSFCxGC/Figures/ProblemTaxonomy.png (PNG 
copy)>] [25]
<./Figures/F(k).png, id=839, 207.77625pt x 159.59625pt>
File: ./Figures/F(k).png Graphic file (type png)

<use ./Figures/F(k).png>
Package pdftex.def Info: ./Figures/F(k).png used on input line 60.
(pdftex.def)             Requested size: 333.97972pt x 256.56462pt.
 [26 <C:/Users/Niel/My PhD/Thesis/BiodieselSFCxGC/Figures/F(k).png (PNG copy)>]
 [27] [28]
Missing character: There is no ° in font cmr10!
Missing character: There is no ° in font cmr10!
Missing character: There is no ° in font cmr10!
 [29] [30]
<./Figures/Welder.png, id=886, 383.93437pt x 283.0575pt>
File: ./Figures/Welder.png Graphic file (type png)

<use ./Figures/Welder.png>
Package pdftex.def Info: ./Figures/Welder.png used on input line 205.
(pdftex.def)             Requested size: 333.97972pt x 246.24506pt.

<./Figures/Welder2.jpg, id=887, 2665.96pt x 1743.51375pt>
File: ./Figures/Welder2.jpg Graphic file (type jpg)

<use ./Figures/Welder2.jpg>
Package pdftex.def Info: ./Figures/Welder2.jpg used on input line 213.
(pdftex.def)             Requested size: 333.97972pt x 218.41756pt.

<./Figures/WelderMicro.jpg, id=888, 2601.72pt x 1951.29pt>
File: ./Figures/WelderMicro.jpg Graphic file (type jpg)

<use ./Figures/WelderMicro.jpg>
Package pdftex.def Info: ./Figures/WelderMicro.jpg used on input line 222.
(pdftex.def)             Requested size: 333.97972pt x 250.46098pt.
)
("C:\Users\Niel\My PhD\Thesis\BiodieselSFCxGC\Chapters\Chapter4.tex" [31]
[32 <C:/Users/Niel/My PhD/Thesis/BiodieselSFCxGC/Figures/Welder.png> <C:/Users/
Niel/My PhD/Thesis/BiodieselSFCxGC/Figures/Welder2.jpg>] [33 <C:/Users/Niel/My 
PhD/Thesis/BiodieselSFCxGC/Figures/WelderMicro.jpg>]
Chapter 4.
------------------------------------------------------------------------------
 4 Instrumentation: Gradient elution SFC
------------------------------------------------------------------------------
Missing character: There is no ° in font cmr10!
<./Figures/CO2pVdiagram.pdf, id=914, 301.125pt x 239.89626pt>
File: ./Figures/CO2pVdiagram.pdf Graphic file (type pdf)

<use ./Figures/CO2pVdiagram.pdf>
Package pdftex.def Info: ./Figures/CO2pVdiagram.pdf used on input line 19.
(pdftex.def)             Requested size: 333.97972pt x 266.09398pt.
 [34

] [35 <C:/Users/Niel/My PhD/Thesis/BiodieselSFCxGC/Figures/CO2pVdiagram.pdf>] [
36] [37] [38]
<./Figures/A_001.pdf, id=962, 570.4512pt x 461.56439pt>
File: ./Figures/A_001.pdf Graphic file (type pdf)

<use ./Figures/A_001.pdf>
Package pdftex.def Info: ./Figures/A_001.pdf used on input line 114.
(pdftex.def)             Requested size: 333.97972pt x 270.23593pt.

<./Figures/A_003.pdf, id=963, 570.4512pt x 461.56439pt>
File: ./Figures/A_003.pdf Graphic file (type pdf)

<use ./Figures/A_003.pdf>
Package pdftex.def Info: ./Figures/A_003.pdf used on input line 124.
(pdftex.def)             Requested size: 333.97972pt x 270.23593pt.

<./Figures/H_004.pdf, id=964, 570.4512pt x 461.56439pt>
File: ./Figures/H_004.pdf Graphic file (type pdf)

<use ./Figures/H_004.pdf>
Package pdftex.def Info: ./Figures/H_004.pdf used on input line 137.
(pdftex.def)             Requested size: 333.97972pt x 270.23593pt.

<./Figures/F_001.pdf, id=965, 570.4512pt x 461.56439pt>
File: ./Figures/F_001.pdf Graphic file (type pdf)

<use ./Figures/F_001.pdf>
Package pdftex.def Info: ./Figures/F_001.pdf used on input line 150.
(pdftex.def)             Requested size: 333.97972pt x 270.23593pt.

<./Figures/D_004.pdf, id=966, 570.4512pt x 461.56439pt>
File: ./Figures/D_004.pdf Graphic file (type pdf)

<use ./Figures/D_004.pdf>
Package pdftex.def Info: ./Figures/D_004.pdf used on input line 160.
(pdftex.def)             Requested size: 333.97972pt x 270.23593pt.
 [39 <C:/Users/Niel/My PhD/Thesis/BiodieselSFCxGC/Figures/A_001.pdf>] [40 <C:/U
sers/Niel/My PhD/Thesis/BiodieselSFCxGC/Figures/A_003.pdf> <C:/Users/Niel/My Ph
D/Thesis/BiodieselSFCxGC/Figures/H_004.pdf>] [41 <C:/Users/Niel/My PhD/Thesis/B
iodieselSFCxGC/Figures/F_001.pdf>] [42 <C:/Users/Niel/My PhD/Thesis/BiodieselSF
CxGC/Figures/D_004.pdf>] [43] [44]
Missing character: There is no ‘ in font cmr10!
Missing character: There is no ’ in font cmr10!
Missing character: There is no ‘ in font cmr10!
Missing character: There is no ’ in font cmr10!
Missing character: There is no – in font cmr10!
Missing character: There is no – in font cmr10!
)
("C:\Users\Niel\My PhD\Thesis\BiodieselSFCxGC\Chapters\Chapter5.tex" [45]
[46]
Chapter 5.
------------------------------------------------------------------------------
 5 Instrumentation Performance
------------------------------------------------------------------------------
<./Figures/RestrictorEnd.jpg, id=1014, 308.352pt x 231.264pt>
File: ./Figures/RestrictorEnd.jpg Graphic file (type jpg)

<use ./Figures/RestrictorEnd.jpg>
Package pdftex.def Info: ./Figures/RestrictorEnd.jpg used on input line 15.
(pdftex.def)             Requested size: 333.97972pt x 250.48833pt.
 [47

 <C:/Users/Niel/My PhD/Thesis/BiodieselSFCxGC/Figures/RestrictorEnd.jpg>]
<./Figures/RestrictorHole.jpg, id=1020, 308.352pt x 231.264pt>
File: ./Figures/RestrictorHole.jpg Graphic file (type jpg)

<use ./Figures/RestrictorHole.jpg>
Package pdftex.def Info: ./Figures/RestrictorHole.jpg used on input line 29.
(pdftex.def)             Requested size: 333.97972pt x 250.48833pt.
 [48 <C:/Users/Niel/My PhD/Thesis/BiodieselSFCxGC/Figures/RestrictorHole.jpg>]
Missing character: There is no × in font cmr10!
 [49])
("C:\Users\Niel\My PhD\Thesis\BiodieselSFCxGC\Chapters\Chapter6.tex" [50]
Chapter 6.
------------------------------------------------------------------------------
 6 Analysis of Biodiesel
------------------------------------------------------------------------------
) ("C:\Users\Niel\My PhD\Thesis\BiodieselSFCxGC\Chapters\Chapter7.tex" [51

]
Chapter 7.
------------------------------------------------------------------------------
 7 Conclusion
------------------------------------------------------------------------------
) ("C:\Users\Niel\My PhD\Thesis\BiodieselSFCxGC\Appendices\AppendixA.tex"
[52

]
Appendix A.
------------------------------------------------------------------------------
 A Appendix Title Here
------------------------------------------------------------------------------
) [53

]
------------------------------------------------------------------------------
 Bibliography
------------------------------------------------------------------------------
("C:\Users\Niel\My PhD\Thesis\BiodieselSFCxGC\Thesis.bbl"
Underfull \hbox (badness 2573) in paragraph at lines 9--15
[][]\OT1/cmr/m/n/10.95 H.M. Cooper.  Or-ga-niz-ing knowl-edge syn-the-ses: A ta
x-on-omy of lit-er-a-
 []


Underfull \hbox (badness 2707) in paragraph at lines 9--15
\OT1/cmr/m/n/10.95 ture re-views.  \OT1/cmr/m/it/10.95 Knowl-edge in So-ci-ety\
OT1/cmr/m/n/10.95 , 1(1):104--126, 1988.  URL [][]$\OT1/cmtt/m/n/10.95 http :
 []


Underfull \hbox (badness 10000) in paragraph at lines 9--15
\OT1/cmtt/m/n/10.95 / / www . scopus . com / inward / record . url ? eid = 2-[]
s2 . 0-[]0003140320&partnerID =
 []


Underfull \hbox (badness 10000) in paragraph at lines 24--28
[][]\OT1/cmr/m/n/10.95 Ananth.  No Ti-tle, Oc-to-ber 2013.  URL
 []


Underfull \hbox (badness 10000) in paragraph at lines 24--28
[][]$\OT1/cmtt/m/n/10.95 http : / / www . thehindu . com / news / national / ta
mil-[]nadu /
 []


Underfull \hbox (badness 10000) in paragraph at lines 24--28
\OT1/cmtt/m/n/10.95 poultry-[]meat-[]turns-[]into-[]valuable-[]biodiesel-[]sour
ce / article5243530 .
 []

[54


] [55])
Package atveryend Info: Empty hook `BeforeClearDocument' on input line 259.
 [56]
Package atveryend Info: Empty hook `AfterLastShipout' on input line 259.
 ("C:\Users\Niel\My PhD\Thesis\BiodieselSFCxGC\Thesis.aux")
Package atveryend Info: Executing hook `AtVeryEndDocument' on input line 259.
Package atveryend Info: Executing hook `AtEndAfterFileList' on input line 259.
Package rerunfilecheck Info: File `Thesis.out' has not changed.
(rerunfilecheck)             Checksum: 6FA73DF0B25EE396CFE855AC6A406A66;30377.


LaTeX Warning: There were multiply-defined labels.

Package atveryend Info: Empty hook `AtVeryVeryEnd' on input line 259.
 ) 
Here is how much of TeX's memory you used:
 13292 strings out of 493921
 188652 string characters out of 3147285
 265145 words of memory out of 3000000
 16131 multiletter control sequences out of 15000+200000
 18271 words of font info for 70 fonts, out of 3000000 for 9000
 841 hyphenation exceptions out of 8191
 43i,12n,45p,3413b,473s stack positions out of 5000i,500n,10000p,200000b,50000s
<C:/Program Files/MiKTeX 2.9/fonts/type1/public/amsfonts/cm/cmbx10.pfb><C:/Pr
ogram Files/MiKTeX 2.9/fonts/type1/public/amsfonts/cm/cmbx12.pfb><C:/Program Fi
les/MiKTeX 2.9/fonts/type1/public/amsfonts/cm/cmcsc10.pfb><C:/Program Files/MiK
TeX 2.9/fonts/type1/public/amsfonts/cm/cmex10.pfb><C:/Program Files/MiKTeX 2.9/
fonts/type1/public/amsfonts/cm/cmmi10.pfb><C:/Program Files/MiKTeX 2.9/fonts/ty
pe1/public/amsfonts/cm/cmmi6.pfb><C:/Program Files/MiKTeX 2.9/fonts/type1/publi
c/amsfonts/cm/cmmi8.pfb><C:/Program Files/MiKTeX 2.9/fonts/type1/public/amsfont
s/cm/cmr10.pfb><C:/Program Files/MiKTeX 2.9/fonts/type1/public/amsfonts/cm/cmr1
2.pfb><C:/Program Files/MiKTeX 2.9/fonts/type1/public/amsfonts/cm/cmr17.pfb><C:
/Program Files/MiKTeX 2.9/fonts/type1/public/amsfonts/cm/cmr6.pfb><C:/Program F
iles/MiKTeX 2.9/fonts/type1/public/amsfonts/cm/cmr8.pfb><C:/Program Files/MiKTe
X 2.9/fonts/type1/public/amsfonts/cm/cmsl12.pfb><C:/Program Files/MiKTeX 2.9/fo
nts/type1/public/amsfonts/cm/cmsy10.pfb><C:/Program Files/MiKTeX 2.9/fonts/type
1/public/amsfonts/cm/cmsy8.pfb><C:/Program Files/MiKTeX 2.9/fonts/type1/public/
amsfonts/cm/cmti10.pfb><C:/Program Files/MiKTeX 2.9/fonts/type1/public/amsfonts
/cm/cmti12.pfb><C:/Program Files/MiKTeX 2.9/fonts/type1/public/amsfonts/cm/cmtt
10.pfb><C:/Program Files/MiKTeX 2.9/fonts/type1/public/amsfonts/symbols/msam7.p
fb>
Output written on Thesis.pdf (72 pages, 3806540 bytes).
PDF statistics:
 1204 PDF objects out of 1440 (max. 8388607)
 258 named destinations out of 1000 (max. 500000)
 916 words of extra memory for PDF output out of 10000 (max. 10000000)

